df
Express server listening on port 3000
df
Express server listening on port 3000
sdf
js-bson: Failed to load c++ bson extension, using pure JS version
DeathbyDegrees-A-I.csv
null

null
null
null
{ [MongoError: Invalid Operation, No operations in bulk] name: 'MongoError' }
DeathbyDegrees-J-R.csv
null

null
null
null
{ [MongoError: Invalid Operation, No operations in bulk] name: 'MongoError' }
DeathbyDegrees-A-I.csv
null

null
null
null
{ [MongoError: Invalid Operation, No operations in bulk] name: 'MongoError' }
df
Express server listening on port 3000
df
Express server listening on port 3000
sdf
sdf
sdf
sdf
sdf
sdf
sdf
sdf
sdf
sdf
sdf
sdf
sdf
sdf
sdf
sdf
sdf
sdf
sdf
sdf
